<?xml version="1.0" encoding="UTF-8"?>
<testsuite xmlns:xsi="http://www.w3.org/2001/XMLSchema-instance" xsi:noNamespaceSchemaLocation="https://maven.apache.org/surefire/maven-surefire-plugin/xsd/surefire-test-report.xsd" version="3.0.2" name="com.damian.springcloud.msvc.items.msvc_items.MsvcItemsApplicationTests" time="4.841" tests="1" errors="0" skipped="0" failures="0">
  <properties>
[...]
</properties>
  <testcase name="contextLoads" classname="com.damian.springcloud.msvc.items.msvc_items.MsvcItemsApplicationTests" time="0.732">
    <system-out><![CDATA[07:59:16.053 [main] INFO org.springframework.test.context.support.AnnotationConfigContextLoaderUtils -- Could not detect default configuration classes for test class [com.damian.springcloud.msvc.items.msvc_items.MsvcItemsApplicationTests]: MsvcItemsApplicationTests does not declare any static, non-private, non-final, nested classes annotated with @Configuration.
07:59:16.163 [main] INFO org.springframework.boot.test.context.SpringBootTestContextBootstrapper -- Found @SpringBootConfiguration com.damian.springcloud.msvc.items.MsvcItemsApplication for test class com.damian.springcloud.msvc.items.msvc_items.MsvcItemsApplicationTests
07:59:16.534 [main] INFO org.springframework.boot.devtools.restart.RestartApplicationListener -- Restart disabled due to context in which it is running

  .   ____          _            __ _ _
 /\\ / ___'_ __ _ _(_)_ __  __ _ \ \ \ \
( ( )\___ | '_ | '_| | '_ \/ _` | \ \ \ \
 \\/  ___)| |_)| | | | | || (_| |  ) ) ) )
  '  |____| .__|_| |_|_| |_\__, | / / / /
 =========|_|==============|___/=/_/_/_/

 :: Spring Boot ::                (v3.5.0)

2025-06-03T07:59:17.013-03:00  INFO 2827587 --- [msvc-items] [           main] c.d.s.m.i.m.MsvcItemsApplicationTests    : Starting MsvcItemsApplicationTests using Java 21.0.2 with PID 2827587 (started by damian in /home/damian/Escritorio/msvc-items)
2025-06-03T07:59:17.015-03:00  INFO 2827587 --- [msvc-items] [           main] c.d.s.m.i.m.MsvcItemsApplicationTests    : No active profile set, falling back to 1 default profile: "default"
2025-06-03T07:59:18.301-03:00  INFO 2827587 --- [msvc-items] [           main] o.s.cloud.context.scope.GenericScope     : BeanFactory id=405be83b-1ec8-3587-b921-484878b28fc0
2025-06-03T07:59:18.726-03:00  INFO 2827587 --- [msvc-items] [           main] o.s.c.openfeign.FeignClientFactoryBean   : For 'msvc-products' URL not provided. Will try picking an instance via load-balancing.
2025-06-03T07:59:19.740-03:00  WARN 2827587 --- [msvc-items] [           main] iguration$LoadBalancerCaffeineWarnLogger : Spring Cloud LoadBalancer is currently working with the default cache. While this cache implementation is useful for development and tests, it's recommended to use Caffeine cache in production.You can switch to using Caffeine cache, by adding it and org.springframework.cache.caffeine.CaffeineCacheManager to the classpath.
2025-06-03T07:59:19.770-03:00  INFO 2827587 --- [msvc-items] [           main] o.s.b.a.e.web.EndpointLinksResolver      : Exposing 1 endpoint beneath base path '/actuator'
2025-06-03T07:59:19.893-03:00  INFO 2827587 --- [msvc-items] [           main] c.d.s.m.i.m.MsvcItemsApplicationTests    : Started MsvcItemsApplicationTests in 3.383 seconds (process running for 4.573)
]]></system-out>
    <system-err><![CDATA[Mockito is currently self-attaching to enable the inline-mock-maker. This will no longer work in future releases of the JDK. Please add Mockito as an agent to your build as described in Mockito's documentation: https://javadoc.io/doc/org.mockito/mockito-core/latest/org.mockito/org/mockito/Mockito.html#0.3
WARNING: A Java agent has been loaded dynamically (/home/damian/.m2/repository/net/bytebuddy/byte-buddy-agent/1.17.5/byte-buddy-agent-1.17.5.jar)
WARNING: If a serviceability tool is in use, please run with -XX:+EnableDynamicAgentLoading to hide this warning
WARNING: If a serviceability tool is not in use, please run with -Djdk.instrument.traceUsage for more information
WARNING: Dynamic loading of agents will be disallowed by default in a future release
]]></system-err>
  </testcase>
</testsuite>